20-Jul-2023 11:54:49.319 INFO [main] org.apache.catalina.core.ApplicationContext.log No Spring WebApplicationInitializer types detected on classpath
20-Jul-2023 11:54:51.442 INFO [main] org.apache.catalina.core.ApplicationContext.log ContextListener: contextInitialized()
20-Jul-2023 11:54:51.445 INFO [main] org.apache.catalina.core.ApplicationContext.log SessionListener: contextInitialized()
20-Jul-2023 11:54:51.447 INFO [main] org.apache.catalina.core.ApplicationContext.log ContextListener: attributeAdded('StockTicker', 'async.Stockticker@74921a')
20-Jul-2023 12:53:29.285 WARNING [Thread-2] org.apache.catalina.session.StandardSession.doWriteObject Cannot serialize session attribute [SPRING_SECURITY_CONTEXT] for session [D53FB5104ED36B37EF69E9A8B4620FD3]
	java.io.NotSerializableException: hudson.security.HudsonPrivateSecurityRealm$Details
		at java.base/java.io.ObjectOutputStream.writeObject0(ObjectOutputStream.java:1175)
		at java.base/java.io.ObjectOutputStream.defaultWriteFields(ObjectOutputStream.java:1543)
		at java.base/java.io.ObjectOutputStream.writeSerialData(ObjectOutputStream.java:1500)
		at java.base/java.io.ObjectOutputStream.writeOrdinaryObject(ObjectOutputStream.java:1423)
		at java.base/java.io.ObjectOutputStream.writeObject0(ObjectOutputStream.java:1169)
		at java.base/java.io.ObjectOutputStream.defaultWriteFields(ObjectOutputStream.java:1543)
		at java.base/java.io.ObjectOutputStream.writeSerialData(ObjectOutputStream.java:1500)
		at java.base/java.io.ObjectOutputStream.writeOrdinaryObject(ObjectOutputStream.java:1423)
		at java.base/java.io.ObjectOutputStream.writeObject0(ObjectOutputStream.java:1169)
		at java.base/java.io.ObjectOutputStream.defaultWriteFields(ObjectOutputStream.java:1543)
		at java.base/java.io.ObjectOutputStream.writeSerialData(ObjectOutputStream.java:1500)
		at java.base/java.io.ObjectOutputStream.writeOrdinaryObject(ObjectOutputStream.java:1423)
		at java.base/java.io.ObjectOutputStream.writeObject0(ObjectOutputStream.java:1169)
		at java.base/java.io.ObjectOutputStream.writeObject(ObjectOutputStream.java:345)
		at org.apache.catalina.session.StandardSession.doWriteObject(StandardSession.java:1650)
		at org.apache.catalina.session.StandardSession.writeObjectData(StandardSession.java:1018)
		at org.apache.catalina.session.StandardManager.doUnload(StandardManager.java:307)
		at org.apache.catalina.session.StandardManager.unload(StandardManager.java:259)
		at org.apache.catalina.session.StandardManager.stopInternal(StandardManager.java:374)
		at org.apache.catalina.util.LifecycleBase.stop(LifecycleBase.java:257)
		at org.apache.catalina.core.StandardContext.stopInternal(StandardContext.java:5175)
		at org.apache.catalina.util.LifecycleBase.stop(LifecycleBase.java:257)
		at org.apache.catalina.core.ContainerBase$StopChild.call(ContainerBase.java:1344)
		at org.apache.catalina.core.ContainerBase$StopChild.call(ContainerBase.java:1333)
		at java.base/java.util.concurrent.FutureTask.run(FutureTask.java:264)
		at org.apache.tomcat.util.threads.InlineExecutorService.execute(InlineExecutorService.java:75)
		at java.base/java.util.concurrent.AbstractExecutorService.submit(AbstractExecutorService.java:140)
		at org.apache.catalina.core.ContainerBase.stopInternal(ContainerBase.java:931)
		at org.apache.catalina.util.LifecycleBase.stop(LifecycleBase.java:257)
		at org.apache.catalina.core.ContainerBase$StopChild.call(ContainerBase.java:1344)
		at org.apache.catalina.core.ContainerBase$StopChild.call(ContainerBase.java:1333)
		at java.base/java.util.concurrent.FutureTask.run(FutureTask.java:264)
		at org.apache.tomcat.util.threads.InlineExecutorService.execute(InlineExecutorService.java:75)
		at java.base/java.util.concurrent.AbstractExecutorService.submit(AbstractExecutorService.java:140)
		at org.apache.catalina.core.ContainerBase.stopInternal(ContainerBase.java:931)
		at org.apache.catalina.util.LifecycleBase.stop(LifecycleBase.java:257)
		at org.apache.catalina.core.StandardService.stopInternal(StandardService.java:491)
		at org.apache.catalina.util.LifecycleBase.stop(LifecycleBase.java:257)
		at org.apache.catalina.core.StandardServer.stopInternal(StandardServer.java:974)
		at org.apache.catalina.util.LifecycleBase.stop(LifecycleBase.java:257)
		at org.apache.catalina.startup.Catalina.stop(Catalina.java:849)
		at org.apache.catalina.startup.Catalina$CatalinaShutdownHook.run(Catalina.java:996)
20-Jul-2023 12:53:29.481 INFO [Thread-2] org.apache.catalina.core.ApplicationContext.log SessionListener: contextDestroyed()
20-Jul-2023 12:53:29.481 INFO [Thread-2] org.apache.catalina.core.ApplicationContext.log ContextListener: contextDestroyed()
