21-Jul-2023 04:17:00.556 INFO [main] org.apache.catalina.core.ApplicationContext.log No Spring WebApplicationInitializer types detected on classpath
21-Jul-2023 04:17:02.187 WARNING [main] org.apache.catalina.session.StandardSession.doReadObject Cannot deserialize session attribute [SPRING_SECURITY_CONTEXT] for session [D53FB5104ED36B37EF69E9A8B4620FD3]
21-Jul-2023 04:17:03.176 INFO [main] org.apache.catalina.core.ApplicationContext.log ContextListener: contextInitialized()
21-Jul-2023 04:17:03.199 INFO [main] org.apache.catalina.core.ApplicationContext.log SessionListener: contextInitialized()
21-Jul-2023 04:17:03.201 INFO [main] org.apache.catalina.core.ApplicationContext.log ContextListener: attributeAdded('StockTicker', 'async.Stockticker@7076714c')
21-Jul-2023 05:30:26.554 WARNING [Thread-2] org.apache.catalina.session.StandardSession.doWriteObject Cannot serialize session attribute [SPRING_SECURITY_CONTEXT] for session [E251FAA4AE5E522565C2673650D19FB0]
	java.io.NotSerializableException: hudson.security.HudsonPrivateSecurityRealm$Details
		at java.base/java.io.ObjectOutputStream.writeObject0(ObjectOutputStream.java:1175)
		at java.base/java.io.ObjectOutputStream.defaultWriteFields(ObjectOutputStream.java:1543)
		at java.base/java.io.ObjectOutputStream.writeSerialData(ObjectOutputStream.java:1500)
		at java.base/java.io.ObjectOutputStream.writeOrdinaryObject(ObjectOutputStream.java:1423)
		at java.base/java.io.ObjectOutputStream.writeObject0(ObjectOutputStream.java:1169)
		at java.base/java.io.ObjectOutputStream.defaultWriteFields(ObjectOutputStream.java:1543)
		at java.base/java.io.ObjectOutputStream.writeSerialData(ObjectOutputStream.java:1500)
		at java.base/java.io.ObjectOutputStream.writeOrdinaryObject(ObjectOutputStream.java:1423)
		at java.base/java.io.ObjectOutputStream.writeObject0(ObjectOutputStream.java:1169)
		at java.base/java.io.ObjectOutputStream.defaultWriteFields(ObjectOutputStream.java:1543)
		at java.base/java.io.ObjectOutputStream.writeSerialData(ObjectOutputStream.java:1500)
		at java.base/java.io.ObjectOutputStream.writeOrdinaryObject(ObjectOutputStream.java:1423)
		at java.base/java.io.ObjectOutputStream.writeObject0(ObjectOutputStream.java:1169)
		at java.base/java.io.ObjectOutputStream.writeObject(ObjectOutputStream.java:345)
		at org.apache.catalina.session.StandardSession.doWriteObject(StandardSession.java:1650)
		at org.apache.catalina.session.StandardSession.writeObjectData(StandardSession.java:1018)
		at org.apache.catalina.session.StandardManager.doUnload(StandardManager.java:307)
		at org.apache.catalina.session.StandardManager.unload(StandardManager.java:259)
		at org.apache.catalina.session.StandardManager.stopInternal(StandardManager.java:374)
		at org.apache.catalina.util.LifecycleBase.stop(LifecycleBase.java:257)
		at org.apache.catalina.core.StandardContext.stopInternal(StandardContext.java:5175)
		at org.apache.catalina.util.LifecycleBase.stop(LifecycleBase.java:257)
		at org.apache.catalina.core.ContainerBase$StopChild.call(ContainerBase.java:1344)
		at org.apache.catalina.core.ContainerBase$StopChild.call(ContainerBase.java:1333)
		at java.base/java.util.concurrent.FutureTask.run(FutureTask.java:264)
		at org.apache.tomcat.util.threads.InlineExecutorService.execute(InlineExecutorService.java:75)
		at java.base/java.util.concurrent.AbstractExecutorService.submit(AbstractExecutorService.java:140)
		at org.apache.catalina.core.ContainerBase.stopInternal(ContainerBase.java:931)
		at org.apache.catalina.util.LifecycleBase.stop(LifecycleBase.java:257)
		at org.apache.catalina.core.ContainerBase$StopChild.call(ContainerBase.java:1344)
		at org.apache.catalina.core.ContainerBase$StopChild.call(ContainerBase.java:1333)
		at java.base/java.util.concurrent.FutureTask.run(FutureTask.java:264)
		at org.apache.tomcat.util.threads.InlineExecutorService.execute(InlineExecutorService.java:75)
		at java.base/java.util.concurrent.AbstractExecutorService.submit(AbstractExecutorService.java:140)
		at org.apache.catalina.core.ContainerBase.stopInternal(ContainerBase.java:931)
		at org.apache.catalina.util.LifecycleBase.stop(LifecycleBase.java:257)
		at org.apache.catalina.core.StandardService.stopInternal(StandardService.java:491)
		at org.apache.catalina.util.LifecycleBase.stop(LifecycleBase.java:257)
		at org.apache.catalina.core.StandardServer.stopInternal(StandardServer.java:974)
		at org.apache.catalina.util.LifecycleBase.stop(LifecycleBase.java:257)
		at org.apache.catalina.startup.Catalina.stop(Catalina.java:849)
		at org.apache.catalina.startup.Catalina$CatalinaShutdownHook.run(Catalina.java:996)
21-Jul-2023 05:30:26.821 INFO [Thread-2] org.apache.catalina.core.ApplicationContext.log SessionListener: contextDestroyed()
21-Jul-2023 05:30:26.824 INFO [Thread-2] org.apache.catalina.core.ApplicationContext.log ContextListener: contextDestroyed()
21-Jul-2023 07:58:21.063 INFO [main] org.apache.catalina.core.ApplicationContext.log No Spring WebApplicationInitializer types detected on classpath
21-Jul-2023 07:58:22.656 WARNING [main] org.apache.catalina.session.StandardSession.doReadObject Cannot deserialize session attribute [SPRING_SECURITY_CONTEXT] for session [E251FAA4AE5E522565C2673650D19FB0]
21-Jul-2023 07:58:23.604 INFO [main] org.apache.catalina.core.ApplicationContext.log ContextListener: contextInitialized()
21-Jul-2023 07:58:23.608 INFO [main] org.apache.catalina.core.ApplicationContext.log SessionListener: contextInitialized()
21-Jul-2023 07:58:23.609 INFO [main] org.apache.catalina.core.ApplicationContext.log ContextListener: attributeAdded('StockTicker', 'async.Stockticker@6d6a20f7')
21-Jul-2023 08:40:31.225 WARNING [Thread-2] org.apache.catalina.session.StandardSession.doWriteObject Cannot serialize session attribute [SPRING_SECURITY_CONTEXT] for session [FABEFD5C8C37E6FB0E6028D91F58A77A]
	java.io.NotSerializableException: hudson.security.HudsonPrivateSecurityRealm$Details
		at java.base/java.io.ObjectOutputStream.writeObject0(ObjectOutputStream.java:1175)
		at java.base/java.io.ObjectOutputStream.defaultWriteFields(ObjectOutputStream.java:1543)
		at java.base/java.io.ObjectOutputStream.writeSerialData(ObjectOutputStream.java:1500)
		at java.base/java.io.ObjectOutputStream.writeOrdinaryObject(ObjectOutputStream.java:1423)
		at java.base/java.io.ObjectOutputStream.writeObject0(ObjectOutputStream.java:1169)
		at java.base/java.io.ObjectOutputStream.defaultWriteFields(ObjectOutputStream.java:1543)
		at java.base/java.io.ObjectOutputStream.writeSerialData(ObjectOutputStream.java:1500)
		at java.base/java.io.ObjectOutputStream.writeOrdinaryObject(ObjectOutputStream.java:1423)
		at java.base/java.io.ObjectOutputStream.writeObject0(ObjectOutputStream.java:1169)
		at java.base/java.io.ObjectOutputStream.defaultWriteFields(ObjectOutputStream.java:1543)
		at java.base/java.io.ObjectOutputStream.writeSerialData(ObjectOutputStream.java:1500)
		at java.base/java.io.ObjectOutputStream.writeOrdinaryObject(ObjectOutputStream.java:1423)
		at java.base/java.io.ObjectOutputStream.writeObject0(ObjectOutputStream.java:1169)
		at java.base/java.io.ObjectOutputStream.writeObject(ObjectOutputStream.java:345)
		at org.apache.catalina.session.StandardSession.doWriteObject(StandardSession.java:1650)
		at org.apache.catalina.session.StandardSession.writeObjectData(StandardSession.java:1018)
		at org.apache.catalina.session.StandardManager.doUnload(StandardManager.java:307)
		at org.apache.catalina.session.StandardManager.unload(StandardManager.java:259)
		at org.apache.catalina.session.StandardManager.stopInternal(StandardManager.java:374)
		at org.apache.catalina.util.LifecycleBase.stop(LifecycleBase.java:257)
		at org.apache.catalina.core.StandardContext.stopInternal(StandardContext.java:5175)
		at org.apache.catalina.util.LifecycleBase.stop(LifecycleBase.java:257)
		at org.apache.catalina.core.ContainerBase$StopChild.call(ContainerBase.java:1344)
		at org.apache.catalina.core.ContainerBase$StopChild.call(ContainerBase.java:1333)
		at java.base/java.util.concurrent.FutureTask.run(FutureTask.java:264)
		at org.apache.tomcat.util.threads.InlineExecutorService.execute(InlineExecutorService.java:75)
		at java.base/java.util.concurrent.AbstractExecutorService.submit(AbstractExecutorService.java:140)
		at org.apache.catalina.core.ContainerBase.stopInternal(ContainerBase.java:931)
		at org.apache.catalina.util.LifecycleBase.stop(LifecycleBase.java:257)
		at org.apache.catalina.core.ContainerBase$StopChild.call(ContainerBase.java:1344)
		at org.apache.catalina.core.ContainerBase$StopChild.call(ContainerBase.java:1333)
		at java.base/java.util.concurrent.FutureTask.run(FutureTask.java:264)
		at org.apache.tomcat.util.threads.InlineExecutorService.execute(InlineExecutorService.java:75)
		at java.base/java.util.concurrent.AbstractExecutorService.submit(AbstractExecutorService.java:140)
		at org.apache.catalina.core.ContainerBase.stopInternal(ContainerBase.java:931)
		at org.apache.catalina.util.LifecycleBase.stop(LifecycleBase.java:257)
		at org.apache.catalina.core.StandardService.stopInternal(StandardService.java:491)
		at org.apache.catalina.util.LifecycleBase.stop(LifecycleBase.java:257)
		at org.apache.catalina.core.StandardServer.stopInternal(StandardServer.java:974)
		at org.apache.catalina.util.LifecycleBase.stop(LifecycleBase.java:257)
		at org.apache.catalina.startup.Catalina.stop(Catalina.java:849)
		at org.apache.catalina.startup.Catalina$CatalinaShutdownHook.run(Catalina.java:996)
21-Jul-2023 08:40:31.473 INFO [Thread-2] org.apache.catalina.core.ApplicationContext.log SessionListener: contextDestroyed()
21-Jul-2023 08:40:31.473 INFO [Thread-2] org.apache.catalina.core.ApplicationContext.log ContextListener: contextDestroyed()
21-Jul-2023 10:50:06.868 INFO [main] org.apache.catalina.core.ApplicationContext.log No Spring WebApplicationInitializer types detected on classpath
21-Jul-2023 10:50:08.430 WARNING [main] org.apache.catalina.session.StandardSession.doReadObject Cannot deserialize session attribute [SPRING_SECURITY_CONTEXT] for session [FABEFD5C8C37E6FB0E6028D91F58A77A]
21-Jul-2023 10:50:09.291 INFO [main] org.apache.catalina.core.ApplicationContext.log ContextListener: contextInitialized()
21-Jul-2023 10:50:09.294 INFO [main] org.apache.catalina.core.ApplicationContext.log SessionListener: contextInitialized()
21-Jul-2023 10:50:09.295 INFO [main] org.apache.catalina.core.ApplicationContext.log ContextListener: attributeAdded('StockTicker', 'async.Stockticker@7b6cb223')
